[2018-05-14 17:21:33 +0800] [19143] [INFO] Starting gunicorn 19.8.1
[2018-05-14 17:21:33 +0800] [19143] [INFO] Listening at: http://0.0.0.0:2170 (19143)
[2018-05-14 17:21:33 +0800] [19143] [INFO] Using worker: sync
[2018-05-14 17:21:33 +0800] [19146] [INFO] Booting worker with pid: 19146
[2018-05-14 17:21:33 +0800] [19149] [INFO] Booting worker with pid: 19149
[2018-05-14 17:21:33 +0800] [19150] [INFO] Booting worker with pid: 19150
[2018-05-14 17:21:33 +0800] [19151] [INFO] Booting worker with pid: 19151
[2018-05-14 17:23:15 +0800] [19228] [INFO] Starting gunicorn 19.8.1
[2018-05-14 17:23:15 +0800] [19228] [INFO] Listening at: http://0.0.0.0:2170 (19228)
[2018-05-14 17:23:15 +0800] [19228] [INFO] Using worker: sync
[2018-05-14 17:23:15 +0800] [19231] [INFO] Booting worker with pid: 19231
[2018-05-14 17:23:15 +0800] [19234] [INFO] Booting worker with pid: 19234
[2018-05-14 17:23:15 +0800] [19235] [INFO] Booting worker with pid: 19235
[2018-05-14 17:23:15 +0800] [19236] [INFO] Booting worker with pid: 19236
[2018-05-14 17:31:04 +0800] [19616] [INFO] Starting gunicorn 19.8.1
[2018-05-14 17:31:04 +0800] [19616] [INFO] Listening at: http://0.0.0.0:5000 (19616)
[2018-05-14 17:31:04 +0800] [19616] [INFO] Using worker: sync
[2018-05-14 17:31:04 +0800] [19619] [INFO] Booting worker with pid: 19619
[2018-05-14 17:31:04 +0800] [19622] [INFO] Booting worker with pid: 19622
[2018-05-14 17:31:04 +0800] [19623] [INFO] Booting worker with pid: 19623
[2018-05-14 17:31:04 +0800] [19624] [INFO] Booting worker with pid: 19624
[2018-05-14 17:31:40 +0800] [19616] [CRITICAL] WORKER TIMEOUT (pid:19623)
[2018-05-14 17:31:40 +0800] [19623] [INFO] Worker exiting (pid: 19623)
[2018-05-14 17:31:40 +0800] [19676] [INFO] Booting worker with pid: 19676
[2018-05-14 17:38:25 +0800] [19616] [CRITICAL] WORKER TIMEOUT (pid:19624)
[2018-05-14 17:38:25 +0800] [19616] [CRITICAL] WORKER TIMEOUT (pid:19619)
[2018-05-14 17:38:25 +0800] [19619] [INFO] Worker exiting (pid: 19619)
[2018-05-14 17:38:25 +0800] [19624] [INFO] Worker exiting (pid: 19624)
[2018-05-14 17:38:25 +0800] [20053] [INFO] Booting worker with pid: 20053
[2018-05-14 17:38:25 +0800] [20054] [INFO] Booting worker with pid: 20054
[2018-05-14 17:45:33 +0800] [19616] [CRITICAL] WORKER TIMEOUT (pid:20053)
[2018-05-14 17:45:33 +0800] [20053] [INFO] Worker exiting (pid: 20053)
[2018-05-14 17:45:33 +0800] [20391] [INFO] Booting worker with pid: 20391
